<?xml version="1.0" encoding="UTF-8"?>
<!-- Generated by org.testng.reporters.JUnitReportReporter -->
<testsuite hostname="RajkumarYadav" failures="0" tests="1" name="seleniumframeworkJava.loop" time="0.013" errors="0" timestamp="2022-03-23T15:50:21 IST" skipped="0">
  <testcase classname="seleniumframeworkJava.loop" name="loop" time="0.013"/>
  <system-out/>
</testsuite> <!-- seleniumframeworkJava.loop -->
