<?xml version="1.0" encoding="UTF-8"?>
<!-- Generated by org.testng.reporters.JUnitReportReporter -->
<testsuite hostname="RajkumarYadav" failures="0" tests="1" name="seleniumframeworkJava.loop1" time="0.009" errors="0" timestamp="2022-03-23T18:21:07 IST" skipped="0">
  <testcase classname="seleniumframeworkJava.loop1" name="ifandelse" time="0.009"/>
  <system-out/>
</testsuite> <!-- seleniumframeworkJava.loop1 -->
